This file contains any messages produced by compilers while
running configure, to aid debugging if configure makes a mistake.

It was created by mbsystem configure 5.4.2183, which was
generated by GNU Autoconf 2.69.  Invocation command line was

  $ ./configure --prefix=/Users/dfinlayson --disable-static

## --------- ##
## Platform. ##
## --------- ##

hostname = igswapwgltm3134
uname -m = x86_64
uname -r = 12.5.0
uname -s = Darwin
uname -v = Darwin Kernel Version 12.5.0: Sun Sep 29 13:33:47 PDT 2013; root:xnu-2050.48.12~1/RELEASE_X86_64

/usr/bin/uname -p = i386
/bin/uname -X     = unknown

/bin/arch              = unknown
/usr/bin/arch -k       = unknown
/usr/convex/getsysinfo = unknown
/usr/bin/hostinfo      = Mach kernel version:
	 Darwin Kernel Version 12.5.0: Sun Sep 29 13:33:47 PDT 2013; root:xnu-2050.48.12~1/RELEASE_X86_64
Kernel configured for up to 8 processors.
4 processors are physically available.
8 processors are logically available.
Processor type: i486 (Intel 80486)
Processors active: 0 1 2 3 4 5 6 7
Primary memory available: 16.00 gigabytes
Default processor set: 137 tasks, 697 threads, 8 processors
Load average: 1.63, Mach factor: 6.36
/bin/machine           = unknown
/usr/bin/oslevel       = unknown
/bin/universe          = unknown

PATH: /sw/bin
PATH: /sw/sbin
PATH: /usr/local/bin
PATH: /Users/dfinlayson/src/mbsystem/bin
PATH: /Users/dfinlayson/bin
PATH: /usr/texbin
PATH: /usr/X11R6/bin
PATH: /usr/bin
PATH: /sbin
PATH: /bin
PATH: /usr/local/plan9/bin


## ----------- ##
## Core tests. ##
## ----------- ##

configure:2439: checking build system type
configure:2453: result: x86_64-apple-darwin12.5.0
configure:2473: checking host system type
configure:2486: result: x86_64-apple-darwin12.5.0
configure:2619: checking for a BSD-compatible install
configure:2687: result: /sw/bin/ginstall -c
configure:2698: checking whether build environment is sane
configure:2753: result: yes
configure:2904: checking for a thread-safe mkdir -p
configure:2943: result: /sw/bin/gmkdir -p
configure:2950: checking for gawk
configure:2966: found /sw/bin/gawk
configure:2977: result: gawk
configure:2988: checking whether make sets $(MAKE)
configure:3010: result: yes
configure:3039: checking whether make supports nested variables
configure:3056: result: yes
configure:3141: checking whether to enable maintainer-specific portions of Makefiles
configure:3150: result: no
configure:3214: checking for gcc
configure:3230: found /usr/bin/gcc
configure:3241: result: gcc
configure:3470: checking for C compiler version
configure:3479: gcc --version >&5
i686-apple-darwin11-llvm-gcc-4.2 (GCC) 4.2.1 (Based on Apple Inc. build 5658) (LLVM build 2336.11.00)
Copyright (C) 2007 Free Software Foundation, Inc.
This is free software; see the source for copying conditions.  There is NO
warranty; not even for MERCHANTABILITY or FITNESS FOR A PARTICULAR PURPOSE.

configure:3490: $? = 0
configure:3479: gcc -v >&5
Using built-in specs.
Target: i686-apple-darwin11
Configured with: /private/var/tmp/llvmgcc42/llvmgcc42-2336.11~182/src/configure --disable-checking --enable-werror --prefix=/Applications/Xcode.app/Contents/Developer/usr/llvm-gcc-4.2 --mandir=/share/man --enable-languages=c,objc,c++,obj-c++ --program-prefix=llvm- --program-transform-name=/^[cg][^.-]*$/s/$/-4.2/ --with-slibdir=/usr/lib --build=i686-apple-darwin11 --enable-llvm=/private/var/tmp/llvmgcc42/llvmgcc42-2336.11~182/dst-llvmCore/Developer/usr/local --program-prefix=i686-apple-darwin11- --host=x86_64-apple-darwin11 --target=i686-apple-darwin11 --with-gxx-include-dir=/usr/include/c++/4.2.1
Thread model: posix
gcc version 4.2.1 (Based on Apple Inc. build 5658) (LLVM build 2336.11.00)
configure:3490: $? = 0
configure:3479: gcc -V >&5
llvm-gcc-4.2: argument to `-V' is missing
configure:3490: $? = 1
configure:3479: gcc -qversion >&5
i686-apple-darwin11-llvm-gcc-4.2: no input files
configure:3490: $? = 1
configure:3510: checking whether the C compiler works
configure:3532: gcc -g -Wall -Wextra -I/usr/X11/include -I/sw/include  -L/usr/X11/lib -L/sw/lib conftest.c  >&5
configure:3536: $? = 0
configure:3584: result: yes
configure:3587: checking for C compiler default output file name
configure:3589: result: a.out
configure:3595: checking for suffix of executables
configure:3602: gcc -o conftest -g -Wall -Wextra -I/usr/X11/include -I/sw/include  -L/usr/X11/lib -L/sw/lib conftest.c  >&5
configure:3606: $? = 0
configure:3628: result: 
configure:3650: checking whether we are cross compiling
configure:3658: gcc -o conftest -g -Wall -Wextra -I/usr/X11/include -I/sw/include  -L/usr/X11/lib -L/sw/lib conftest.c  >&5
configure:3662: $? = 0
configure:3669: ./conftest
configure:3673: $? = 0
configure:3688: result: no
configure:3693: checking for suffix of object files
configure:3715: gcc -c -g -Wall -Wextra -I/usr/X11/include -I/sw/include  conftest.c >&5
configure:3719: $? = 0
configure:3740: result: o
configure:3744: checking whether we are using the GNU C compiler
configure:3763: gcc -c -g -Wall -Wextra -I/usr/X11/include -I/sw/include  conftest.c >&5
configure:3763: $? = 0
configure:3772: result: yes
configure:3781: checking whether gcc accepts -g
configure:3801: gcc -c -g  conftest.c >&5
configure:3801: $? = 0
configure:3842: result: yes
configure:3859: checking for gcc option to accept ISO C89
configure:3922: gcc  -c -g -Wall -Wextra -I/usr/X11/include -I/sw/include  conftest.c >&5
configure:3922: $? = 0
configure:3935: result: none needed
configure:3966: checking for style of include used by make
configure:3994: result: GNU
configure:4020: checking dependency style of gcc
configure:4131: result: gcc3
configure:4147: checking whether gcc and cc understand -c and -o together
configure:4178: gcc -c conftest.c -o conftest2.o >&5
configure:4182: $? = 0
configure:4188: gcc -c conftest.c -o conftest2.o >&5
configure:4192: $? = 0
configure:4203: cc -c conftest.c >&5
configure:4207: $? = 0
configure:4215: cc -c conftest.c -o conftest2.o >&5
configure:4219: $? = 0
configure:4225: cc -c conftest.c -o conftest2.o >&5
configure:4229: $? = 0
configure:4247: result: yes
configure:4282: checking dependency style of gcc
configure:4391: result: gcc3
configure:4456: checking for ar
configure:4472: found /usr/bin/ar
configure:4483: result: ar
configure:4509: checking the archiver (ar) interface
configure:4519: gcc -c -g -Wall -Wextra -I/usr/X11/include -I/sw/include  conftest.c >&5
configure:4519: $? = 0
configure:4521: ar cru libconftest.a conftest.o >&5
configure:4524: $? = 0
configure:4547: result: ar
configure:4567: checking whether ln -s works
configure:4571: result: yes
configure:4578: checking whether make sets $(MAKE)
configure:4600: result: yes
configure:4655: checking how to print strings
configure:4682: result: printf
configure:4703: checking for a sed that does not truncate output
configure:4767: result: /sw/bin/sed
configure:4785: checking for grep that handles long lines and -e
configure:4843: result: /usr/bin/grep
configure:4848: checking for egrep
configure:4910: result: /usr/bin/grep -E
configure:4915: checking for fgrep
configure:4977: result: /usr/bin/grep -F
configure:5012: checking for ld used by gcc
configure:5079: result: /usr/llvm-gcc-4.2/libexec/gcc/i686-apple-darwin11/4.2.1/ld
configure:5086: checking if the linker (/usr/llvm-gcc-4.2/libexec/gcc/i686-apple-darwin11/4.2.1/ld) is GNU ld
configure:5101: result: no
configure:5113: checking for BSD- or MS-compatible name lister (nm)
configure:5162: result: /usr/bin/nm
configure:5292: checking the name lister (/usr/bin/nm) interface
configure:5299: gcc -c -g -Wall -Wextra -I/usr/X11/include -I/sw/include  conftest.c >&5
configure:5302: /usr/bin/nm "conftest.o"
configure:5305: output
0000000000000184 S _some_variable
configure:5312: result: BSD nm
configure:5316: checking the maximum length of command line arguments
configure:5446: result: 196608
configure:5463: checking whether the shell understands some XSI constructs
configure:5473: result: yes
configure:5477: checking whether the shell understands "+="
configure:5483: result: yes
configure:5518: checking how to convert x86_64-apple-darwin12.5.0 file names to x86_64-apple-darwin12.5.0 format
configure:5558: result: func_convert_file_noop
configure:5565: checking how to convert x86_64-apple-darwin12.5.0 file names to toolchain format
configure:5585: result: func_convert_file_noop
configure:5592: checking for /usr/llvm-gcc-4.2/libexec/gcc/i686-apple-darwin11/4.2.1/ld option to reload object files
configure:5599: result: -r
configure:5673: checking for objdump
configure:5703: result: no
configure:5732: checking how to recognize dependent libraries
configure:5934: result: pass_all
configure:6019: checking for dlltool
configure:6049: result: no
configure:6079: checking how to associate runtime and link libraries
configure:6106: result: printf %s\n
configure:6230: checking for archiver @FILE support
configure:6247: gcc -c -g -Wall -Wextra -I/usr/X11/include -I/sw/include  conftest.c >&5
configure:6247: $? = 0
configure:6250: ar cru libconftest.a @conftest.lst >&5
ar: @conftest.lst: No such file or directory
configure:6253: $? = 1
configure:6273: result: no
configure:6331: checking for strip
configure:6347: found /usr/bin/strip
configure:6358: result: strip
configure:6430: checking for ranlib
configure:6446: found /usr/bin/ranlib
configure:6457: result: ranlib
configure:6559: checking command to parse /usr/bin/nm output from gcc object
configure:6679: gcc -c -g -Wall -Wextra -I/usr/X11/include -I/sw/include  conftest.c >&5
configure:6682: $? = 0
configure:6686: /usr/bin/nm conftest.o \| sed -n -e 's/^.*[ ]\([BCDEGRST][BCDEGRST]*\)[ ][ ]*\([_A-Za-z][_A-Za-z0-9]*\)$/\1 \2 \2/p' | sed '/ __gnu_lto/d' \> conftest.nm
configure:6689: $? = 0
cannot find nm_test_var in conftest.nm
configure:6679: gcc -c -g -Wall -Wextra -I/usr/X11/include -I/sw/include  conftest.c >&5
configure:6682: $? = 0
configure:6686: /usr/bin/nm conftest.o \| sed -n -e 's/^.*[ ]\([BCDEGRST][BCDEGRST]*\)[ ][ ]*_\([_A-Za-z][_A-Za-z0-9]*\)$/\1 _\2 \2/p' | sed '/ __gnu_lto/d' \> conftest.nm
configure:6689: $? = 0
configure:6755: gcc -o conftest -g -Wall -Wextra -I/usr/X11/include -I/sw/include  -L/usr/X11/lib -L/sw/lib conftest.c conftstm.o >&5
configure:6758: $? = 0
configure:6796: result: ok
configure:6833: checking for sysroot
configure:6863: result: no
configure:7119: checking for mt
configure:7149: result: no
configure:7169: checking if : is a manifest tool
configure:7175: : '-?'
configure:7183: result: no
configure:7239: checking for dsymutil
configure:7255: found /usr/bin/dsymutil
configure:7266: result: dsymutil
configure:7331: checking for nmedit
configure:7347: found /usr/bin/nmedit
configure:7358: result: nmedit
configure:7423: checking for lipo
configure:7439: found /usr/bin/lipo
configure:7450: result: lipo
configure:7515: checking for otool
configure:7531: found /usr/bin/otool
configure:7542: result: otool
configure:7607: checking for otool64
configure:7637: result: no
configure:7682: checking for -single_module linker flag
gcc -g -Wall -Wextra -I/usr/X11/include -I/sw/include -L/usr/X11/lib -L/sw/lib -o libconftest.dylib -dynamiclib -Wl,-single_module conftest.c
configure:7715: result: yes
configure:7718: checking for -exported_symbols_list linker flag
configure:7738: gcc -o conftest -g -Wall -Wextra -I/usr/X11/include -I/sw/include  -L/usr/X11/lib -L/sw/lib -Wl,-exported_symbols_list,conftest.sym conftest.c  >&5
configure:7738: $? = 0
configure:7748: result: yes
configure:7751: checking for -force_load linker flag
gcc -g -Wall -Wextra -I/usr/X11/include -I/sw/include -c -o conftest.o conftest.c
ar cru libconftest.a conftest.o
ranlib libconftest.a
gcc -g -Wall -Wextra -I/usr/X11/include -I/sw/include -L/usr/X11/lib -L/sw/lib -o conftest conftest.c -Wl,-force_load,./libconftest.a
configure:7783: result: yes
configure:7825: checking how to run the C preprocessor
configure:7856: gcc -E  conftest.c
configure:7856: $? = 0
configure:7870: gcc -E  conftest.c
conftest.c:12:28: error: ac_nonexistent.h: No such file or directory
configure:7870: $? = 1
configure: failed program was:
| /* confdefs.h */
| #define PACKAGE_NAME "mbsystem"
| #define PACKAGE_TARNAME "mbsystem"
| #define PACKAGE_VERSION "5.4.2183"
| #define PACKAGE_STRING "mbsystem 5.4.2183"
| #define PACKAGE_BUGREPORT "http://listserver.mbari.org/sympa/arc/mbsystem"
| #define PACKAGE_URL "http://www.mbari.org/data/mbsystem/"
| #define VERSION_DATE "16 April 2014"
| #define PACKAGE "mbsystem"
| #define VERSION "5.4.2183"
| /* end confdefs.h.  */
| #include <ac_nonexistent.h>
configure:7895: result: gcc -E
configure:7915: gcc -E  conftest.c
configure:7915: $? = 0
configure:7929: gcc -E  conftest.c
conftest.c:12:28: error: ac_nonexistent.h: No such file or directory
configure:7929: $? = 1
configure: failed program was:
| /* confdefs.h */
| #define PACKAGE_NAME "mbsystem"
| #define PACKAGE_TARNAME "mbsystem"
| #define PACKAGE_VERSION "5.4.2183"
| #define PACKAGE_STRING "mbsystem 5.4.2183"
| #define PACKAGE_BUGREPORT "http://listserver.mbari.org/sympa/arc/mbsystem"
| #define PACKAGE_URL "http://www.mbari.org/data/mbsystem/"
| #define VERSION_DATE "16 April 2014"
| #define PACKAGE "mbsystem"
| #define VERSION "5.4.2183"
| /* end confdefs.h.  */
| #include <ac_nonexistent.h>
configure:7958: checking for ANSI C header files
configure:7978: gcc -c -g -Wall -Wextra -I/usr/X11/include -I/sw/include  conftest.c >&5
configure:7978: $? = 0
configure:8051: gcc -o conftest -g -Wall -Wextra -I/usr/X11/include -I/sw/include  -L/usr/X11/lib -L/sw/lib conftest.c  >&5
configure:8051: $? = 0
configure:8051: ./conftest
configure:8051: $? = 0
configure:8062: result: yes
configure:8075: checking for sys/types.h
configure:8075: gcc -c -g -Wall -Wextra -I/usr/X11/include -I/sw/include  conftest.c >&5
configure:8075: $? = 0
configure:8075: result: yes
configure:8075: checking for sys/stat.h
configure:8075: gcc -c -g -Wall -Wextra -I/usr/X11/include -I/sw/include  conftest.c >&5
configure:8075: $? = 0
configure:8075: result: yes
configure:8075: checking for stdlib.h
configure:8075: gcc -c -g -Wall -Wextra -I/usr/X11/include -I/sw/include  conftest.c >&5
configure:8075: $? = 0
configure:8075: result: yes
configure:8075: checking for string.h
configure:8075: gcc -c -g -Wall -Wextra -I/usr/X11/include -I/sw/include  conftest.c >&5
configure:8075: $? = 0
configure:8075: result: yes
configure:8075: checking for memory.h
configure:8075: gcc -c -g -Wall -Wextra -I/usr/X11/include -I/sw/include  conftest.c >&5
configure:8075: $? = 0
configure:8075: result: yes
configure:8075: checking for strings.h
configure:8075: gcc -c -g -Wall -Wextra -I/usr/X11/include -I/sw/include  conftest.c >&5
configure:8075: $? = 0
configure:8075: result: yes
configure:8075: checking for inttypes.h
configure:8075: gcc -c -g -Wall -Wextra -I/usr/X11/include -I/sw/include  conftest.c >&5
configure:8075: $? = 0
configure:8075: result: yes
configure:8075: checking for stdint.h
configure:8075: gcc -c -g -Wall -Wextra -I/usr/X11/include -I/sw/include  conftest.c >&5
configure:8075: $? = 0
configure:8075: result: yes
configure:8075: checking for unistd.h
configure:8075: gcc -c -g -Wall -Wextra -I/usr/X11/include -I/sw/include  conftest.c >&5
configure:8075: $? = 0
configure:8075: result: yes
configure:8089: checking for dlfcn.h
configure:8089: gcc -c -g -Wall -Wextra -I/usr/X11/include -I/sw/include  conftest.c >&5
configure:8089: $? = 0
configure:8089: result: yes
configure:8295: checking for objdir
configure:8310: result: .libs
configure:8581: checking if gcc supports -fno-rtti -fno-exceptions
configure:8599: gcc -c -g -Wall -Wextra -I/usr/X11/include -I/sw/include  -fno-rtti -fno-exceptions conftest.c >&5
cc1: warning: command line option "-fno-rtti" is valid for C++/ObjC++ but not for C
configure:8603: $? = 0
configure:8616: result: no
configure:8943: checking for gcc option to produce PIC
configure:8950: result: -fno-common -DPIC
configure:8958: checking if gcc PIC flag -fno-common -DPIC works
configure:8976: gcc -c -g -Wall -Wextra -I/usr/X11/include -I/sw/include  -fno-common -DPIC -DPIC conftest.c >&5
configure:8980: $? = 0
configure:8993: result: yes
configure:9022: checking if gcc static flag -static works
configure:9050: result: no
configure:9065: checking if gcc supports -c -o file.o
configure:9086: gcc -c -g -Wall -Wextra -I/usr/X11/include -I/sw/include  -o out/conftest2.o conftest.c >&5
configure:9090: $? = 0
configure:9112: result: yes
configure:9120: checking if gcc supports -c -o file.o
configure:9167: result: yes
configure:9200: checking whether the gcc linker (/usr/llvm-gcc-4.2/libexec/gcc/i686-apple-darwin11/4.2.1/ld) supports shared libraries
configure:10353: result: yes
configure:10593: checking dynamic linker characteristics
configure:11326: result: darwin12.5.0 dyld
configure:11433: checking how to hardcode library paths into programs
configure:11458: result: immediate
configure:11998: checking whether stripping libraries is possible
configure:12012: result: yes
configure:12038: checking if libtool supports shared libraries
configure:12040: result: yes
configure:12043: checking whether to build shared libraries
configure:12064: result: yes
configure:12067: checking whether to build static libraries
configure:12071: result: no
configure:12243: checking whether byte ordering is bigendian
configure:12258: gcc -c -g -Wall -Wextra -I/usr/X11/include -I/sw/include  conftest.c >&5
configure:12258: $? = 0
configure:12303: gcc -c -g -Wall -Wextra -I/usr/X11/include -I/sw/include  conftest.c >&5
configure:12303: $? = 0
configure:12321: gcc -c -g -Wall -Wextra -I/usr/X11/include -I/sw/include  conftest.c >&5
conftest.c: In function 'main':
conftest.c:31: error: 'not' undeclared (first use in this function)
conftest.c:31: error: (Each undeclared identifier is reported only once
conftest.c:31: error: for each function it appears in.)
conftest.c:31: error: expected ';' before 'big'
configure:12321: $? = 1
configure: failed program was:
| /* confdefs.h */
| #define PACKAGE_NAME "mbsystem"
| #define PACKAGE_TARNAME "mbsystem"
| #define PACKAGE_VERSION "5.4.2183"
| #define PACKAGE_STRING "mbsystem 5.4.2183"
| #define PACKAGE_BUGREPORT "http://listserver.mbari.org/sympa/arc/mbsystem"
| #define PACKAGE_URL "http://www.mbari.org/data/mbsystem/"
| #define VERSION_DATE "16 April 2014"
| #define PACKAGE "mbsystem"
| #define VERSION "5.4.2183"
| #define STDC_HEADERS 1
| #define HAVE_SYS_TYPES_H 1
| #define HAVE_SYS_STAT_H 1
| #define HAVE_STDLIB_H 1
| #define HAVE_STRING_H 1
| #define HAVE_MEMORY_H 1
| #define HAVE_STRINGS_H 1
| #define HAVE_INTTYPES_H 1
| #define HAVE_STDINT_H 1
| #define HAVE_UNISTD_H 1
| #define HAVE_DLFCN_H 1
| #define LT_OBJDIR ".libs/"
| /* end confdefs.h.  */
| #include <sys/types.h>
| 		#include <sys/param.h>
| 
| int
| main ()
| {
| #if BYTE_ORDER != BIG_ENDIAN
| 		 not big endian
| 		#endif
| 
|   ;
|   return 0;
| }
configure:12449: result: no
configure:12474: checking for ANSI C header files
configure:12578: result: yes
configure:12587: checking for exp in -lm
configure:12612: gcc -o conftest -g -Wall -Wextra -I/usr/X11/include -I/sw/include  -L/usr/X11/lib -L/sw/lib conftest.c -lm   >&5
conftest.c:33: warning: conflicting types for built-in function 'exp'
configure:12612: $? = 0
configure:12621: result: yes
configure:12633: checking for int8_t
configure:12633: gcc -c -g -Wall -Wextra -I/usr/X11/include -I/sw/include  conftest.c >&5
configure:12633: $? = 0
configure:12633: gcc -c -g -Wall -Wextra -I/usr/X11/include -I/sw/include  conftest.c >&5
conftest.c: In function 'main':
conftest.c:65: error: size of array 'test_array' is negative
configure:12633: $? = 1
configure: failed program was:
| /* confdefs.h */
| #define PACKAGE_NAME "mbsystem"
| #define PACKAGE_TARNAME "mbsystem"
| #define PACKAGE_VERSION "5.4.2183"
| #define PACKAGE_STRING "mbsystem 5.4.2183"
| #define PACKAGE_BUGREPORT "http://listserver.mbari.org/sympa/arc/mbsystem"
| #define PACKAGE_URL "http://www.mbari.org/data/mbsystem/"
| #define VERSION_DATE "16 April 2014"
| #define PACKAGE "mbsystem"
| #define VERSION "5.4.2183"
| #define STDC_HEADERS 1
| #define HAVE_SYS_TYPES_H 1
| #define HAVE_SYS_STAT_H 1
| #define HAVE_STDLIB_H 1
| #define HAVE_STRING_H 1
| #define HAVE_MEMORY_H 1
| #define HAVE_STRINGS_H 1
| #define HAVE_INTTYPES_H 1
| #define HAVE_STDINT_H 1
| #define HAVE_UNISTD_H 1
| #define HAVE_DLFCN_H 1
| #define LT_OBJDIR ".libs/"
| #define BYTESWAPPED 1
| #define STDC_HEADERS 1
| #define HAVE_LIBM 1
| /* end confdefs.h.  */
| #include <stdio.h>
| #ifdef HAVE_SYS_TYPES_H
| # include <sys/types.h>
| #endif
| #ifdef HAVE_SYS_STAT_H
| # include <sys/stat.h>
| #endif
| #ifdef STDC_HEADERS
| # include <stdlib.h>
| # include <stddef.h>
| #else
| # ifdef HAVE_STDLIB_H
| #  include <stdlib.h>
| # endif
| #endif
| #ifdef HAVE_STRING_H
| # if !defined STDC_HEADERS && defined HAVE_MEMORY_H
| #  include <memory.h>
| # endif
| # include <string.h>
| #endif
| #ifdef HAVE_STRINGS_H
| # include <strings.h>
| #endif
| #ifdef HAVE_INTTYPES_H
| # include <inttypes.h>
| #endif
| #ifdef HAVE_STDINT_H
| # include <stdint.h>
| #endif
| #ifdef HAVE_UNISTD_H
| # include <unistd.h>
| #endif
| 	        enum { N = 8 / 2 - 1 };
| int
| main ()
| {
| static int test_array [1 - 2 * !((int8_t) (((((int8_t) 1 << N) << N) - 1) * 2 + 1)
| 		 < (int8_t) (((((int8_t) 1 << N) << N) - 1) * 2 + 2))];
| test_array [0] = 0;
| return test_array [0];
| 
|   ;
|   return 0;
| }
configure:12633: result: yes
configure:12645: checking malloc.h usability
configure:12645: gcc -c -g -Wall -Wextra -I/usr/X11/include -I/sw/include  conftest.c >&5
conftest.c:60:20: error: malloc.h: No such file or directory
configure:12645: $? = 1
configure: failed program was:
| /* confdefs.h */
| #define PACKAGE_NAME "mbsystem"
| #define PACKAGE_TARNAME "mbsystem"
| #define PACKAGE_VERSION "5.4.2183"
| #define PACKAGE_STRING "mbsystem 5.4.2183"
| #define PACKAGE_BUGREPORT "http://listserver.mbari.org/sympa/arc/mbsystem"
| #define PACKAGE_URL "http://www.mbari.org/data/mbsystem/"
| #define VERSION_DATE "16 April 2014"
| #define PACKAGE "mbsystem"
| #define VERSION "5.4.2183"
| #define STDC_HEADERS 1
| #define HAVE_SYS_TYPES_H 1
| #define HAVE_SYS_STAT_H 1
| #define HAVE_STDLIB_H 1
| #define HAVE_STRING_H 1
| #define HAVE_MEMORY_H 1
| #define HAVE_STRINGS_H 1
| #define HAVE_INTTYPES_H 1
| #define HAVE_STDINT_H 1
| #define HAVE_UNISTD_H 1
| #define HAVE_DLFCN_H 1
| #define LT_OBJDIR ".libs/"
| #define BYTESWAPPED 1
| #define STDC_HEADERS 1
| #define HAVE_LIBM 1
| /* end confdefs.h.  */
| #include <stdio.h>
| #ifdef HAVE_SYS_TYPES_H
| # include <sys/types.h>
| #endif
| #ifdef HAVE_SYS_STAT_H
| # include <sys/stat.h>
| #endif
| #ifdef STDC_HEADERS
| # include <stdlib.h>
| # include <stddef.h>
| #else
| # ifdef HAVE_STDLIB_H
| #  include <stdlib.h>
| # endif
| #endif
| #ifdef HAVE_STRING_H
| # if !defined STDC_HEADERS && defined HAVE_MEMORY_H
| #  include <memory.h>
| # endif
| # include <string.h>
| #endif
| #ifdef HAVE_STRINGS_H
| # include <strings.h>
| #endif
| #ifdef HAVE_INTTYPES_H
| # include <inttypes.h>
| #endif
| #ifdef HAVE_STDINT_H
| # include <stdint.h>
| #endif
| #ifdef HAVE_UNISTD_H
| # include <unistd.h>
| #endif
| #include <malloc.h>
configure:12645: result: no
configure:12645: checking malloc.h presence
configure:12645: gcc -E  conftest.c
conftest.c:27:20: error: malloc.h: No such file or directory
configure:12645: $? = 1
configure: failed program was:
| /* confdefs.h */
| #define PACKAGE_NAME "mbsystem"
| #define PACKAGE_TARNAME "mbsystem"
| #define PACKAGE_VERSION "5.4.2183"
| #define PACKAGE_STRING "mbsystem 5.4.2183"
| #define PACKAGE_BUGREPORT "http://listserver.mbari.org/sympa/arc/mbsystem"
| #define PACKAGE_URL "http://www.mbari.org/data/mbsystem/"
| #define VERSION_DATE "16 April 2014"
| #define PACKAGE "mbsystem"
| #define VERSION "5.4.2183"
| #define STDC_HEADERS 1
| #define HAVE_SYS_TYPES_H 1
| #define HAVE_SYS_STAT_H 1
| #define HAVE_STDLIB_H 1
| #define HAVE_STRING_H 1
| #define HAVE_MEMORY_H 1
| #define HAVE_STRINGS_H 1
| #define HAVE_INTTYPES_H 1
| #define HAVE_STDINT_H 1
| #define HAVE_UNISTD_H 1
| #define HAVE_DLFCN_H 1
| #define LT_OBJDIR ".libs/"
| #define BYTESWAPPED 1
| #define STDC_HEADERS 1
| #define HAVE_LIBM 1
| /* end confdefs.h.  */
| #include <malloc.h>
configure:12645: result: no
configure:12645: checking for malloc.h
configure:12645: result: no
configure:12673: checking rpc/rpc.h usability
configure:12673: gcc -c -g -Wall -Wextra -I/usr/X11/include -I/sw/include  conftest.c >&5
configure:12673: $? = 0
configure:12673: result: yes
configure:12673: checking rpc/rpc.h presence
configure:12673: gcc -E  conftest.c
configure:12673: $? = 0
configure:12673: result: yes
configure:12673: checking for rpc/rpc.h
configure:12673: result: yes
configure:12685: checking rpc/types.h usability
configure:12685: gcc -c -g -Wall -Wextra -I/usr/X11/include -I/sw/include  conftest.c >&5
configure:12685: $? = 0
configure:12685: result: yes
configure:12685: checking rpc/types.h presence
configure:12685: gcc -E  conftest.c
configure:12685: $? = 0
configure:12685: result: yes
configure:12685: checking for rpc/types.h
configure:12685: result: yes
configure:12698: checking for main in -lws2_32
configure:12717: gcc -o conftest -g -Wall -Wextra -I/usr/X11/include -I/sw/include  -L/usr/X11/lib -L/sw/lib conftest.c -lws2_32  -lm  >&5
ld: library not found for -lws2_32
collect2: ld returned 1 exit status
configure:12717: $? = 1
configure: failed program was:
| /* confdefs.h */
| #define PACKAGE_NAME "mbsystem"
| #define PACKAGE_TARNAME "mbsystem"
| #define PACKAGE_VERSION "5.4.2183"
| #define PACKAGE_STRING "mbsystem 5.4.2183"
| #define PACKAGE_BUGREPORT "http://listserver.mbari.org/sympa/arc/mbsystem"
| #define PACKAGE_URL "http://www.mbari.org/data/mbsystem/"
| #define VERSION_DATE "16 April 2014"
| #define PACKAGE "mbsystem"
| #define VERSION "5.4.2183"
| #define STDC_HEADERS 1
| #define HAVE_SYS_TYPES_H 1
| #define HAVE_SYS_STAT_H 1
| #define HAVE_STDLIB_H 1
| #define HAVE_STRING_H 1
| #define HAVE_MEMORY_H 1
| #define HAVE_STRINGS_H 1
| #define HAVE_INTTYPES_H 1
| #define HAVE_STDINT_H 1
| #define HAVE_UNISTD_H 1
| #define HAVE_DLFCN_H 1
| #define LT_OBJDIR ".libs/"
| #define BYTESWAPPED 1
| #define STDC_HEADERS 1
| #define HAVE_LIBM 1
| #define HAVE_RPC_RPC_H 1
| #define HAVE_RPC_TYPES_H 1
| /* end confdefs.h.  */
| 
| 
| int
| main ()
| {
| return main ();
|   ;
|   return 0;
| }
configure:12726: result: no
configure:12738: checking for xdrmem_create
configure:12738: gcc -o conftest -g -Wall -Wextra -I/usr/X11/include -I/sw/include  -L/usr/X11/lib -L/sw/lib conftest.c -lm  >&5
configure:12738: $? = 0
configure:12738: result: yes
configure:12968: checking whether to build with Generic Sensor Format (GSF)
configure:12978: result: yes
configure:13051: checking for pkg-config
configure:13069: found /sw/bin/pkg-config
configure:13081: result: /sw/bin/pkg-config
configure:13106: checking pkg-config is at least version 0.9.0
configure:13109: result: yes
configure:13119: checking for libnetcdf
configure:13126: $PKG_CONFIG --exists --print-errors "netcdf"
configure:13129: $? = 0
configure:13142: $PKG_CONFIG --exists --print-errors "netcdf"
configure:13145: $? = 0
configure:13182: result: yes
configure:13322: checking netcdf.h usability
configure:13322: gcc -c -g -Wall -Wextra -I/usr/X11/include -I/sw/include  conftest.c >&5
configure:13322: $? = 0
configure:13322: result: yes
configure:13322: checking netcdf.h presence
configure:13322: gcc -E  conftest.c
conftest.c:30:20: error: netcdf.h: No such file or directory
configure:13322: $? = 1
configure: failed program was:
| /* confdefs.h */
| #define PACKAGE_NAME "mbsystem"
| #define PACKAGE_TARNAME "mbsystem"
| #define PACKAGE_VERSION "5.4.2183"
| #define PACKAGE_STRING "mbsystem 5.4.2183"
| #define PACKAGE_BUGREPORT "http://listserver.mbari.org/sympa/arc/mbsystem"
| #define PACKAGE_URL "http://www.mbari.org/data/mbsystem/"
| #define VERSION_DATE "16 April 2014"
| #define PACKAGE "mbsystem"
| #define VERSION "5.4.2183"
| #define STDC_HEADERS 1
| #define HAVE_SYS_TYPES_H 1
| #define HAVE_SYS_STAT_H 1
| #define HAVE_STDLIB_H 1
| #define HAVE_STRING_H 1
| #define HAVE_MEMORY_H 1
| #define HAVE_STRINGS_H 1
| #define HAVE_INTTYPES_H 1
| #define HAVE_STDINT_H 1
| #define HAVE_UNISTD_H 1
| #define HAVE_DLFCN_H 1
| #define LT_OBJDIR ".libs/"
| #define BYTESWAPPED 1
| #define STDC_HEADERS 1
| #define HAVE_LIBM 1
| #define HAVE_RPC_RPC_H 1
| #define HAVE_RPC_TYPES_H 1
| #define WITH_GSF 1
| /* end confdefs.h.  */
| #include <netcdf.h>
configure:13322: result: no
configure:13322: WARNING: netcdf.h: accepted by the compiler, rejected by the preprocessor!
configure:13322: WARNING: netcdf.h: proceeding with the compiler's result
configure:13322: checking for netcdf.h
configure:13322: result: yes
configure:13392: checking for libproj
configure:13399: $PKG_CONFIG --exists --print-errors "proj"
Package proj was not found in the pkg-config search path.
Perhaps you should add the directory containing `proj.pc'
to the PKG_CONFIG_PATH environment variable
No package 'proj' found
configure:13402: $? = 1
configure:13415: $PKG_CONFIG --exists --print-errors "proj"
Package proj was not found in the pkg-config search path.
Perhaps you should add the directory containing `proj.pc'
to the PKG_CONFIG_PATH environment variable
No package 'proj' found
configure:13418: $? = 1
configure:13431: result: no
No package 'proj' found
configure:13474: checking for pj_init_plus in -lproj
configure:13499: gcc -o conftest -g -Wall -Wextra -I/usr/X11/include -I/sw/include  -L/usr/X11/lib -L/sw/lib conftest.c -lproj  -lm  >&5
configure:13499: $? = 0
configure:13508: result: yes
configure:13595: checking proj_api.h usability
configure:13595: gcc -c -g -Wall -Wextra -I/usr/X11/include -I/sw/include  conftest.c >&5
configure:13595: $? = 0
configure:13595: result: yes
configure:13595: checking proj_api.h presence
configure:13595: gcc -E  conftest.c
conftest.c:30:22: error: proj_api.h: No such file or directory
configure:13595: $? = 1
configure: failed program was:
| /* confdefs.h */
| #define PACKAGE_NAME "mbsystem"
| #define PACKAGE_TARNAME "mbsystem"
| #define PACKAGE_VERSION "5.4.2183"
| #define PACKAGE_STRING "mbsystem 5.4.2183"
| #define PACKAGE_BUGREPORT "http://listserver.mbari.org/sympa/arc/mbsystem"
| #define PACKAGE_URL "http://www.mbari.org/data/mbsystem/"
| #define VERSION_DATE "16 April 2014"
| #define PACKAGE "mbsystem"
| #define VERSION "5.4.2183"
| #define STDC_HEADERS 1
| #define HAVE_SYS_TYPES_H 1
| #define HAVE_SYS_STAT_H 1
| #define HAVE_STDLIB_H 1
| #define HAVE_STRING_H 1
| #define HAVE_MEMORY_H 1
| #define HAVE_STRINGS_H 1
| #define HAVE_INTTYPES_H 1
| #define HAVE_STDINT_H 1
| #define HAVE_UNISTD_H 1
| #define HAVE_DLFCN_H 1
| #define LT_OBJDIR ".libs/"
| #define BYTESWAPPED 1
| #define STDC_HEADERS 1
| #define HAVE_LIBM 1
| #define HAVE_RPC_RPC_H 1
| #define HAVE_RPC_TYPES_H 1
| #define WITH_GSF 1
| /* end confdefs.h.  */
| #include <proj_api.h>
configure:13595: result: no
configure:13595: WARNING: proj_api.h: accepted by the compiler, rejected by the preprocessor!
configure:13595: WARNING: proj_api.h: proceeding with the compiler's result
configure:13595: checking for proj_api.h
configure:13595: result: yes
configure:13640: checking for libgmt
configure:13647: $PKG_CONFIG --exists --print-errors "gmt"
Package gmt was not found in the pkg-config search path.
Perhaps you should add the directory containing `gmt.pc'
to the PKG_CONFIG_PATH environment variable
No package 'gmt' found
configure:13650: $? = 1
configure:13663: $PKG_CONFIG --exists --print-errors "gmt"
Package gmt was not found in the pkg-config search path.
Perhaps you should add the directory containing `gmt.pc'
to the PKG_CONFIG_PATH environment variable
No package 'gmt' found
configure:13666: $? = 1
configure:13679: result: no
No package 'gmt' found
configure:13709: checking for libgmtps
configure:13716: $PKG_CONFIG --exists --print-errors "gmt"
Package gmt was not found in the pkg-config search path.
Perhaps you should add the directory containing `gmt.pc'
to the PKG_CONFIG_PATH environment variable
No package 'gmt' found
configure:13719: $? = 1
configure:13732: $PKG_CONFIG --exists --print-errors "gmt"
Package gmt was not found in the pkg-config search path.
Perhaps you should add the directory containing `gmt.pc'
to the PKG_CONFIG_PATH environment variable
No package 'gmt' found
configure:13735: $? = 1
configure:13748: result: no
No package 'gmt' found
configure:13778: checking for libpsl
configure:13785: $PKG_CONFIG --exists --print-errors "gmt"
Package gmt was not found in the pkg-config search path.
Perhaps you should add the directory containing `gmt.pc'
to the PKG_CONFIG_PATH environment variable
No package 'gmt' found
configure:13788: $? = 1
configure:13801: $PKG_CONFIG --exists --print-errors "gmt"
Package gmt was not found in the pkg-config search path.
Perhaps you should add the directory containing `gmt.pc'
to the PKG_CONFIG_PATH environment variable
No package 'gmt' found
configure:13804: $? = 1
configure:13817: result: no
No package 'gmt' found
configure:13869: checking for GMT_begin in -lgmt
configure:13894: gcc -o conftest -g -Wall -Wextra -I/usr/X11/include -I/sw/include  -L/usr/X11/lib -L/sw/lib conftest.c -lgmt  -lm  >&5
configure:13894: $? = 0
configure:13903: result: yes
configure:13991: checking gmt.h usability
configure:13991: gcc -c -g -Wall -Wextra -I/usr/X11/include -I/sw/include  conftest.c >&5
In file included from /sw/include/gmt.h:637,
                 from conftest.c:63:
/sw/include/gmt_version.h:5:1: warning: "PACKAGE_VERSION" redefined
conftest.c:4:1: warning: this is the location of the previous definition
configure:13991: $? = 0
configure:13991: result: yes
configure:13991: checking gmt.h presence
configure:13991: gcc -E  conftest.c
conftest.c:30:17: error: gmt.h: No such file or directory
configure:13991: $? = 1
configure: failed program was:
| /* confdefs.h */
| #define PACKAGE_NAME "mbsystem"
| #define PACKAGE_TARNAME "mbsystem"
| #define PACKAGE_VERSION "5.4.2183"
| #define PACKAGE_STRING "mbsystem 5.4.2183"
| #define PACKAGE_BUGREPORT "http://listserver.mbari.org/sympa/arc/mbsystem"
| #define PACKAGE_URL "http://www.mbari.org/data/mbsystem/"
| #define VERSION_DATE "16 April 2014"
| #define PACKAGE "mbsystem"
| #define VERSION "5.4.2183"
| #define STDC_HEADERS 1
| #define HAVE_SYS_TYPES_H 1
| #define HAVE_SYS_STAT_H 1
| #define HAVE_STDLIB_H 1
| #define HAVE_STRING_H 1
| #define HAVE_MEMORY_H 1
| #define HAVE_STRINGS_H 1
| #define HAVE_INTTYPES_H 1
| #define HAVE_STDINT_H 1
| #define HAVE_UNISTD_H 1
| #define HAVE_DLFCN_H 1
| #define LT_OBJDIR ".libs/"
| #define BYTESWAPPED 1
| #define STDC_HEADERS 1
| #define HAVE_LIBM 1
| #define HAVE_RPC_RPC_H 1
| #define HAVE_RPC_TYPES_H 1
| #define WITH_GSF 1
| /* end confdefs.h.  */
| #include <gmt.h>
configure:13991: result: no
configure:13991: WARNING: gmt.h: accepted by the compiler, rejected by the preprocessor!
configure:13991: WARNING: gmt.h: proceeding with the compiler's result
configure:13991: checking for gmt.h
configure:13991: result: yes
configure:14045: checking for libfftw
configure:14052: $PKG_CONFIG --exists --print-errors "fftw3"
configure:14055: $? = 0
configure:14068: $PKG_CONFIG --exists --print-errors "fftw3"
configure:14071: $? = 0
configure:14108: result: yes
configure:14253: checking fftw3.h usability
configure:14253: gcc -c -g -Wall -Wextra -I/usr/X11/include -I/sw/include  conftest.c >&5
configure:14253: $? = 0
configure:14253: result: yes
configure:14253: checking fftw3.h presence
configure:14253: gcc -E  conftest.c
conftest.c:30:19: error: fftw3.h: No such file or directory
configure:14253: $? = 1
configure: failed program was:
| /* confdefs.h */
| #define PACKAGE_NAME "mbsystem"
| #define PACKAGE_TARNAME "mbsystem"
| #define PACKAGE_VERSION "5.4.2183"
| #define PACKAGE_STRING "mbsystem 5.4.2183"
| #define PACKAGE_BUGREPORT "http://listserver.mbari.org/sympa/arc/mbsystem"
| #define PACKAGE_URL "http://www.mbari.org/data/mbsystem/"
| #define VERSION_DATE "16 April 2014"
| #define PACKAGE "mbsystem"
| #define VERSION "5.4.2183"
| #define STDC_HEADERS 1
| #define HAVE_SYS_TYPES_H 1
| #define HAVE_SYS_STAT_H 1
| #define HAVE_STDLIB_H 1
| #define HAVE_STRING_H 1
| #define HAVE_MEMORY_H 1
| #define HAVE_STRINGS_H 1
| #define HAVE_INTTYPES_H 1
| #define HAVE_STDINT_H 1
| #define HAVE_UNISTD_H 1
| #define HAVE_DLFCN_H 1
| #define LT_OBJDIR ".libs/"
| #define BYTESWAPPED 1
| #define STDC_HEADERS 1
| #define HAVE_LIBM 1
| #define HAVE_RPC_RPC_H 1
| #define HAVE_RPC_TYPES_H 1
| #define WITH_GSF 1
| /* end confdefs.h.  */
| #include <fftw3.h>
configure:14253: result: no
configure:14253: WARNING: fftw3.h: accepted by the compiler, rejected by the preprocessor!
configure:14253: WARNING: fftw3.h: proceeding with the compiler's result
configure:14253: checking for fftw3.h
configure:14253: result: yes
configure:14324: checking for XmCreatePushButton in -lXm
configure:14349: gcc -o conftest -g -Wall -Wextra -I/usr/X11/include -I/sw/include  -L/usr/X11/lib -L/sw/lib conftest.c -lXm  -lm  >&5
configure:14349: $? = 0
configure:14358: result: yes
configure:14367: checking for XtAppMainLoop in -lXt
configure:14392: gcc -o conftest -g -Wall -Wextra -I/usr/X11/include -I/sw/include  -L/usr/X11/lib -L/sw/lib conftest.c -lXt  -lm  >&5
configure:14392: $? = 0
configure:14401: result: yes
configure:14410: checking for XSendEvent in -lX11
configure:14435: gcc -o conftest -g -Wall -Wextra -I/usr/X11/include -I/sw/include  -L/usr/X11/lib -L/sw/lib conftest.c -lX11  -lm  >&5
configure:14435: $? = 0
configure:14444: result: yes
configure:14628: checking X11/Intrinsic.h usability
configure:14628: gcc -c -g -Wall -Wextra -I/usr/X11/include -I/sw/include  conftest.c >&5
configure:14628: $? = 0
configure:14628: result: yes
configure:14628: checking X11/Intrinsic.h presence
configure:14628: gcc -E  conftest.c
conftest.c:30:27: error: X11/Intrinsic.h: No such file or directory
configure:14628: $? = 1
configure: failed program was:
| /* confdefs.h */
| #define PACKAGE_NAME "mbsystem"
| #define PACKAGE_TARNAME "mbsystem"
| #define PACKAGE_VERSION "5.4.2183"
| #define PACKAGE_STRING "mbsystem 5.4.2183"
| #define PACKAGE_BUGREPORT "http://listserver.mbari.org/sympa/arc/mbsystem"
| #define PACKAGE_URL "http://www.mbari.org/data/mbsystem/"
| #define VERSION_DATE "16 April 2014"
| #define PACKAGE "mbsystem"
| #define VERSION "5.4.2183"
| #define STDC_HEADERS 1
| #define HAVE_SYS_TYPES_H 1
| #define HAVE_SYS_STAT_H 1
| #define HAVE_STDLIB_H 1
| #define HAVE_STRING_H 1
| #define HAVE_MEMORY_H 1
| #define HAVE_STRINGS_H 1
| #define HAVE_INTTYPES_H 1
| #define HAVE_STDINT_H 1
| #define HAVE_UNISTD_H 1
| #define HAVE_DLFCN_H 1
| #define LT_OBJDIR ".libs/"
| #define BYTESWAPPED 1
| #define STDC_HEADERS 1
| #define HAVE_LIBM 1
| #define HAVE_RPC_RPC_H 1
| #define HAVE_RPC_TYPES_H 1
| #define WITH_GSF 1
| /* end confdefs.h.  */
| #include <X11/Intrinsic.h>
configure:14628: result: no
configure:14628: WARNING: X11/Intrinsic.h: accepted by the compiler, rejected by the preprocessor!
configure:14628: WARNING: X11/Intrinsic.h: proceeding with the compiler's result
configure:14628: checking for X11/Intrinsic.h
configure:14628: result: yes
configure:14701: checking for main in -lGL
configure:14720: gcc -o conftest -g -Wall -Wextra -I/usr/X11/include -I/sw/include  -L/usr/X11/lib -L/sw/lib conftest.c -lGL  -lm  >&5
configure:14720: $? = 0
configure:14729: result: yes
configure:14738: checking for main in -lGLU
configure:14757: gcc -o conftest -g -Wall -Wextra -I/usr/X11/include -I/sw/include  -L/usr/X11/lib -L/sw/lib conftest.c -lGLU -lGL -lm  >&5
configure:14757: $? = 0
configure:14766: result: yes
configure:14897: checking GL/gl.h usability
configure:14897: gcc -c -g -Wall -Wextra -I/usr/X11/include -I/sw/include  conftest.c >&5
configure:14897: $? = 0
configure:14897: result: yes
configure:14897: checking GL/gl.h presence
configure:14897: gcc -E  conftest.c
conftest.c:31:19: error: GL/gl.h: No such file or directory
configure:14897: $? = 1
configure: failed program was:
| /* confdefs.h */
| #define PACKAGE_NAME "mbsystem"
| #define PACKAGE_TARNAME "mbsystem"
| #define PACKAGE_VERSION "5.4.2183"
| #define PACKAGE_STRING "mbsystem 5.4.2183"
| #define PACKAGE_BUGREPORT "http://listserver.mbari.org/sympa/arc/mbsystem"
| #define PACKAGE_URL "http://www.mbari.org/data/mbsystem/"
| #define VERSION_DATE "16 April 2014"
| #define PACKAGE "mbsystem"
| #define VERSION "5.4.2183"
| #define STDC_HEADERS 1
| #define HAVE_SYS_TYPES_H 1
| #define HAVE_SYS_STAT_H 1
| #define HAVE_STDLIB_H 1
| #define HAVE_STRING_H 1
| #define HAVE_MEMORY_H 1
| #define HAVE_STRINGS_H 1
| #define HAVE_INTTYPES_H 1
| #define HAVE_STDINT_H 1
| #define HAVE_UNISTD_H 1
| #define HAVE_DLFCN_H 1
| #define LT_OBJDIR ".libs/"
| #define BYTESWAPPED 1
| #define STDC_HEADERS 1
| #define HAVE_LIBM 1
| #define HAVE_RPC_RPC_H 1
| #define HAVE_RPC_TYPES_H 1
| #define WITH_GSF 1
| #define GOT_MOTIF 1
| /* end confdefs.h.  */
| #include <GL/gl.h>
configure:14897: result: no
configure:14897: WARNING: GL/gl.h: accepted by the compiler, rejected by the preprocessor!
configure:14897: WARNING: GL/gl.h: proceeding with the compiler's result
configure:14897: checking for GL/gl.h
configure:14897: result: yes
configure:14897: checking GL/glu.h usability
configure:14897: gcc -c -g -Wall -Wextra -I/usr/X11/include -I/sw/include  conftest.c >&5
configure:14897: $? = 0
configure:14897: result: yes
configure:14897: checking GL/glu.h presence
configure:14897: gcc -E  conftest.c
conftest.c:32:20: error: GL/glu.h: No such file or directory
configure:14897: $? = 1
configure: failed program was:
| /* confdefs.h */
| #define PACKAGE_NAME "mbsystem"
| #define PACKAGE_TARNAME "mbsystem"
| #define PACKAGE_VERSION "5.4.2183"
| #define PACKAGE_STRING "mbsystem 5.4.2183"
| #define PACKAGE_BUGREPORT "http://listserver.mbari.org/sympa/arc/mbsystem"
| #define PACKAGE_URL "http://www.mbari.org/data/mbsystem/"
| #define VERSION_DATE "16 April 2014"
| #define PACKAGE "mbsystem"
| #define VERSION "5.4.2183"
| #define STDC_HEADERS 1
| #define HAVE_SYS_TYPES_H 1
| #define HAVE_SYS_STAT_H 1
| #define HAVE_STDLIB_H 1
| #define HAVE_STRING_H 1
| #define HAVE_MEMORY_H 1
| #define HAVE_STRINGS_H 1
| #define HAVE_INTTYPES_H 1
| #define HAVE_STDINT_H 1
| #define HAVE_UNISTD_H 1
| #define HAVE_DLFCN_H 1
| #define LT_OBJDIR ".libs/"
| #define BYTESWAPPED 1
| #define STDC_HEADERS 1
| #define HAVE_LIBM 1
| #define HAVE_RPC_RPC_H 1
| #define HAVE_RPC_TYPES_H 1
| #define WITH_GSF 1
| #define GOT_MOTIF 1
| #define HAVE_GL_GL_H 1
| /* end confdefs.h.  */
| #include <GL/glu.h>
configure:14897: result: no
configure:14897: WARNING: GL/glu.h: accepted by the compiler, rejected by the preprocessor!
configure:14897: WARNING: GL/glu.h: proceeding with the compiler's result
configure:14897: checking for GL/glu.h
configure:14897: result: yes
configure:14897: checking GL/glx.h usability
configure:14897: gcc -c -g -Wall -Wextra -I/usr/X11/include -I/sw/include  conftest.c >&5
configure:14897: $? = 0
configure:14897: result: yes
configure:14897: checking GL/glx.h presence
configure:14897: gcc -E  conftest.c
conftest.c:33:20: error: GL/glx.h: No such file or directory
configure:14897: $? = 1
configure: failed program was:
| /* confdefs.h */
| #define PACKAGE_NAME "mbsystem"
| #define PACKAGE_TARNAME "mbsystem"
| #define PACKAGE_VERSION "5.4.2183"
| #define PACKAGE_STRING "mbsystem 5.4.2183"
| #define PACKAGE_BUGREPORT "http://listserver.mbari.org/sympa/arc/mbsystem"
| #define PACKAGE_URL "http://www.mbari.org/data/mbsystem/"
| #define VERSION_DATE "16 April 2014"
| #define PACKAGE "mbsystem"
| #define VERSION "5.4.2183"
| #define STDC_HEADERS 1
| #define HAVE_SYS_TYPES_H 1
| #define HAVE_SYS_STAT_H 1
| #define HAVE_STDLIB_H 1
| #define HAVE_STRING_H 1
| #define HAVE_MEMORY_H 1
| #define HAVE_STRINGS_H 1
| #define HAVE_INTTYPES_H 1
| #define HAVE_STDINT_H 1
| #define HAVE_UNISTD_H 1
| #define HAVE_DLFCN_H 1
| #define LT_OBJDIR ".libs/"
| #define BYTESWAPPED 1
| #define STDC_HEADERS 1
| #define HAVE_LIBM 1
| #define HAVE_RPC_RPC_H 1
| #define HAVE_RPC_TYPES_H 1
| #define WITH_GSF 1
| #define GOT_MOTIF 1
| #define HAVE_GL_GL_H 1
| #define HAVE_GL_GLU_H 1
| /* end confdefs.h.  */
| #include <GL/glx.h>
configure:14897: result: no
configure:14897: WARNING: GL/glx.h: accepted by the compiler, rejected by the preprocessor!
configure:14897: WARNING: GL/glx.h: proceeding with the compiler's result
configure:14897: checking for GL/glx.h
configure:14897: result: yes
configure:15011: checking that generated files are newer than configure
configure:15017: result: done
configure:15068: creating ./config.status

## ---------------------- ##
## Running config.status. ##
## ---------------------- ##

This file was extended by mbsystem config.status 5.4.2183, which was
generated by GNU Autoconf 2.69.  Invocation command line was

  CONFIG_FILES    = 
  CONFIG_HEADERS  = 
  CONFIG_LINKS    = 
  CONFIG_COMMANDS = 
  $ ./config.status 

on igswapwgltm3134

config.status:1163: creating Makefile
config.status:1163: creating src/Makefile
config.status:1163: creating src/mbio/Makefile
config.status:1163: creating src/surf/Makefile
config.status:1163: creating src/bsio/Makefile
config.status:1163: creating src/mbaux/Makefile
config.status:1163: creating src/utilities/Makefile
config.status:1163: creating src/gmt/Makefile
config.status:1163: creating src/macros/Makefile
config.status:1163: creating src/mbedit/Makefile
config.status:1163: creating src/mbnavedit/Makefile
config.status:1163: creating src/mbvelocitytool/Makefile
config.status:1163: creating src/mbnavadjust/Makefile
config.status:1163: creating src/otps/Makefile
config.status:1163: creating src/mbview/Makefile
config.status:1163: creating src/mbgrdviz/Makefile
config.status:1163: creating src/mbeditviz/Makefile
config.status:1163: creating src/man/Makefile
config.status:1163: creating src/man/man1/Makefile
config.status:1163: creating src/man/man3/Makefile
config.status:1163: creating src/html/Makefile
config.status:1163: creating src/ps/Makefile
config.status:1163: creating src/share/Makefile
config.status:1163: creating src/gsf/Makefile
config.status:1163: creating src/mbio/mb_config.h
config.status:1344: src/mbio/mb_config.h is unchanged
config.status:1392: executing depfiles commands
config.status:1392: executing libtool commands

## ---------------- ##
## Cache variables. ##
## ---------------- ##

ac_cv_build=x86_64-apple-darwin12.5.0
ac_cv_c_bigendian=no
ac_cv_c_compiler_gnu=yes
ac_cv_c_int8_t=yes
ac_cv_env_CCASFLAGS_set=
ac_cv_env_CCASFLAGS_value=
ac_cv_env_CCAS_set=
ac_cv_env_CCAS_value=
ac_cv_env_CC_set=
ac_cv_env_CC_value=
ac_cv_env_CFLAGS_set=set
ac_cv_env_CFLAGS_value='-g -Wall -Wextra -I/usr/X11/include -I/sw/include'
ac_cv_env_CPPFLAGS_set=
ac_cv_env_CPPFLAGS_value=
ac_cv_env_CPP_set=
ac_cv_env_CPP_value=
ac_cv_env_LDFLAGS_set=set
ac_cv_env_LDFLAGS_value='-L/usr/X11/lib -L/sw/lib'
ac_cv_env_LIBS_set=
ac_cv_env_LIBS_value=
ac_cv_env_PKG_CONFIG_LIBDIR_set=
ac_cv_env_PKG_CONFIG_LIBDIR_value=
ac_cv_env_PKG_CONFIG_PATH_set=
ac_cv_env_PKG_CONFIG_PATH_value=
ac_cv_env_PKG_CONFIG_set=
ac_cv_env_PKG_CONFIG_value=
ac_cv_env_build_alias_set=
ac_cv_env_build_alias_value=
ac_cv_env_host_alias_set=
ac_cv_env_host_alias_value=
ac_cv_env_libfftw_CFLAGS_set=
ac_cv_env_libfftw_CFLAGS_value=
ac_cv_env_libfftw_LIBS_set=
ac_cv_env_libfftw_LIBS_value=
ac_cv_env_libgmt_CFLAGS_set=
ac_cv_env_libgmt_CFLAGS_value=
ac_cv_env_libgmt_LIBS_set=
ac_cv_env_libgmt_LIBS_value=
ac_cv_env_libgmtps_CFLAGS_set=
ac_cv_env_libgmtps_CFLAGS_value=
ac_cv_env_libgmtps_LIBS_set=
ac_cv_env_libgmtps_LIBS_value=
ac_cv_env_libnetcdf_CFLAGS_set=
ac_cv_env_libnetcdf_CFLAGS_value=
ac_cv_env_libnetcdf_LIBS_set=
ac_cv_env_libnetcdf_LIBS_value=
ac_cv_env_libproj_CFLAGS_set=
ac_cv_env_libproj_CFLAGS_value=
ac_cv_env_libproj_LIBS_set=
ac_cv_env_libproj_LIBS_value=
ac_cv_env_libpsl_CFLAGS_set=
ac_cv_env_libpsl_CFLAGS_value=
ac_cv_env_libpsl_LIBS_set=
ac_cv_env_libpsl_LIBS_value=
ac_cv_env_target_alias_set=
ac_cv_env_target_alias_value=
ac_cv_func_xdrmem_create=yes
ac_cv_header_GL_gl_h=yes
ac_cv_header_GL_glu_h=yes
ac_cv_header_GL_glx_h=yes
ac_cv_header_X11_Intrinsic_h=yes
ac_cv_header_dlfcn_h=yes
ac_cv_header_fftw3_h=yes
ac_cv_header_gmt_h=yes
ac_cv_header_inttypes_h=yes
ac_cv_header_malloc_h=no
ac_cv_header_memory_h=yes
ac_cv_header_netcdf_h=yes
ac_cv_header_proj_api_h=yes
ac_cv_header_rpc_rpc_h=yes
ac_cv_header_rpc_types_h=yes
ac_cv_header_stdc=yes
ac_cv_header_stdint_h=yes
ac_cv_header_stdlib_h=yes
ac_cv_header_string_h=yes
ac_cv_header_strings_h=yes
ac_cv_header_sys_stat_h=yes
ac_cv_header_sys_types_h=yes
ac_cv_header_unistd_h=yes
ac_cv_host=x86_64-apple-darwin12.5.0
ac_cv_lib_GLU_main=yes
ac_cv_lib_GL_main=yes
ac_cv_lib_X11_XSendEvent=yes
ac_cv_lib_Xm_XmCreatePushButton=yes
ac_cv_lib_Xt_XtAppMainLoop=yes
ac_cv_lib_gmt_GMT_begin=yes
ac_cv_lib_m_exp=yes
ac_cv_lib_proj_pj_init_plus=yes
ac_cv_lib_ws2_32_main=no
ac_cv_objext=o
ac_cv_path_EGREP='/usr/bin/grep -E'
ac_cv_path_FGREP='/usr/bin/grep -F'
ac_cv_path_GREP=/usr/bin/grep
ac_cv_path_INTLTOOL_PERL=/usr/bin/perl
ac_cv_path_SED=/sw/bin/sed
ac_cv_path_ac_pt_PKG_CONFIG=/sw/bin/pkg-config
ac_cv_path_install='/sw/bin/ginstall -c'
ac_cv_path_mkdir=/sw/bin/gmkdir
ac_cv_prog_AWK=gawk
ac_cv_prog_CPP='gcc -E'
ac_cv_prog_ac_ct_AR=ar
ac_cv_prog_ac_ct_CC=gcc
ac_cv_prog_ac_ct_DSYMUTIL=dsymutil
ac_cv_prog_ac_ct_LIPO=lipo
ac_cv_prog_ac_ct_NMEDIT=nmedit
ac_cv_prog_ac_ct_OTOOL=otool
ac_cv_prog_ac_ct_RANLIB=ranlib
ac_cv_prog_ac_ct_STRIP=strip
ac_cv_prog_cc_c89=
ac_cv_prog_cc_g=yes
ac_cv_prog_cc_gcc_c_o=yes
ac_cv_prog_make_make_set=yes
am_cv_CCAS_dependencies_compiler_type=gcc3
am_cv_CC_dependencies_compiler_type=gcc3
am_cv_ar_interface=ar
am_cv_make_support_nested_variables=yes
lt_cv_apple_cc_single_mod=yes
lt_cv_ar_at_file=no
lt_cv_deplibs_check_method=pass_all
lt_cv_file_magic_cmd='$MAGIC_CMD'
lt_cv_file_magic_test_file=
lt_cv_ld_exported_symbols_list=yes
lt_cv_ld_force_load=yes
lt_cv_ld_reload_flag=-r
lt_cv_nm_interface='BSD nm'
lt_cv_objdir=.libs
lt_cv_path_LD=/usr/llvm-gcc-4.2/libexec/gcc/i686-apple-darwin11/4.2.1/ld
lt_cv_path_NM=/usr/bin/nm
lt_cv_path_mainfest_tool=no
lt_cv_prog_compiler_c_o=yes
lt_cv_prog_compiler_pic='-fno-common -DPIC'
lt_cv_prog_compiler_pic_works=yes
lt_cv_prog_compiler_rtti_exceptions=no
lt_cv_prog_compiler_static_works=no
lt_cv_prog_gnu_ld=no
lt_cv_sharedlib_from_linklib_cmd='printf %s\n'
lt_cv_sys_global_symbol_pipe='sed -n -e '\''s/^.*[	 ]\([BCDEGRST][BCDEGRST]*\)[	 ][	 ]*_\([_A-Za-z][_A-Za-z0-9]*\)$/\1 _\2 \2/p'\'' | sed '\''/ __gnu_lto/d'\'''
lt_cv_sys_global_symbol_to_c_name_address='sed -n -e '\''s/^: \([^ ]*\)[ ]*$/  {\"\1\", (void *) 0},/p'\'' -e '\''s/^[BCDEGRST]* \([^ ]*\) \([^ ]*\)$/  {"\2", (void *) \&\2},/p'\'''
lt_cv_sys_global_symbol_to_c_name_address_lib_prefix='sed -n -e '\''s/^: \([^ ]*\)[ ]*$/  {\"\1\", (void *) 0},/p'\'' -e '\''s/^[BCDEGRST]* \([^ ]*\) \(lib[^ ]*\)$/  {"\2", (void *) \&\2},/p'\'' -e '\''s/^[BCDEGRST]* \([^ ]*\) \([^ ]*\)$/  {"lib\2", (void *) \&\2},/p'\'''
lt_cv_sys_global_symbol_to_cdecl='sed -n -e '\''s/^T .* \(.*\)$/extern int \1();/p'\'' -e '\''s/^[BCDEGRST]* .* \(.*\)$/extern char \1;/p'\'''
lt_cv_sys_max_cmd_len=196608
lt_cv_to_host_file_cmd=func_convert_file_noop
lt_cv_to_tool_file_cmd=func_convert_file_noop
pkg_cv_libfftw_CFLAGS='-I/sw/include  '
pkg_cv_libfftw_LIBS='-L/sw/lib -lfftw3 -lm'
pkg_cv_libnetcdf_CFLAGS='-I/sw/include  '
pkg_cv_libnetcdf_LIBS='-L/sw/lib -lnetcdf'

## ----------------- ##
## Output variables. ##
## ----------------- ##

ACLOCAL='${SHELL} /Users/dfinlayson/src/mbsystem/missing aclocal-1.13'
AMDEPBACKSLASH='\'
AMDEP_FALSE='#'
AMDEP_TRUE=''
AMTAR='$${TAR-tar}'
AM_BACKSLASH='\'
AM_DEFAULT_V='$(AM_DEFAULT_VERBOSITY)'
AM_DEFAULT_VERBOSITY='1'
AM_V='$(V)'
AR='ar'
AUTOCONF='${SHELL} /Users/dfinlayson/src/mbsystem/missing autoconf'
AUTOHEADER='${SHELL} /Users/dfinlayson/src/mbsystem/missing autoheader'
AUTOMAKE='${SHELL} /Users/dfinlayson/src/mbsystem/missing automake-1.13'
AWK='gawk'
BUILD_FFTW_FALSE='#'
BUILD_FFTW_TRUE=''
BUILD_GL_FALSE='#'
BUILD_GL_TRUE=''
BUILD_GSF_FALSE='#'
BUILD_GSF_TRUE=''
BUILD_MOTIF_FALSE='#'
BUILD_MOTIF_TRUE=''
BUILD_PROJ_FALSE=''
BUILD_PROJ_TRUE='#'
CC='gcc'
CCAS='gcc'
CCASDEPMODE='depmode=gcc3'
CCASFLAGS='-g -Wall -Wextra -I/usr/X11/include -I/sw/include'
CCDEPMODE='depmode=gcc3'
CFLAGS='-g -Wall -Wextra -I/usr/X11/include -I/sw/include'
CPP='gcc -E'
CPPFLAGS=''
CYGPATH_W='echo'
DEFS='-DHAVE_CONFIG_H'
DEPDIR='.deps'
DLLTOOL='false'
DSYMUTIL='dsymutil'
DUMPBIN=''
ECHO_C='\c'
ECHO_N=''
ECHO_T=''
EGREP='/usr/bin/grep -E'
EXEEXT=''
FGREP='/usr/bin/grep -F'
GL_CPPFLAGS=''
GL_LIBS='-lGL -lGLU'
GREP='/usr/bin/grep'
INSTALL_DATA='${INSTALL} -m 644'
INSTALL_PROGRAM='${INSTALL}'
INSTALL_SCRIPT='${INSTALL}'
INSTALL_STRIP_PROGRAM='$(install_sh) -c -s'
LD='/usr/llvm-gcc-4.2/libexec/gcc/i686-apple-darwin11/4.2.1/ld'
LDFLAGS='-L/usr/X11/lib -L/sw/lib'
LIBM=''
LIBOBJS=''
LIBS='-lm '
LIBTOOL='$(SHELL) $(top_builddir)/libtool'
LIBTOOL_DEPS='./ltmain.sh'
LIPO='lipo'
LN_S='ln -s'
LTLIBOBJS=''
MAINT='#'
MAINTAINER_MODE_FALSE=''
MAINTAINER_MODE_TRUE='#'
MAKEINFO='${SHELL} /Users/dfinlayson/src/mbsystem/missing makeinfo'
MANIFEST_TOOL=':'
MKDIR_P='/sw/bin/gmkdir -p'
NM='/usr/bin/nm'
NMEDIT='nmedit'
OBJDUMP='false'
OBJEXT='o'
OTOOL64=':'
OTOOL='otool'
OTPS_DIR='/usr/local/OTPSnc'
PACKAGE='mbsystem'
PACKAGE_BUGREPORT='http://listserver.mbari.org/sympa/arc/mbsystem'
PACKAGE_NAME='mbsystem'
PACKAGE_STRING='mbsystem 5.4.2183'
PACKAGE_TARNAME='mbsystem'
PACKAGE_URL='http://www.mbari.org/data/mbsystem/'
PACKAGE_VERSION='5.4.2183'
PATH_SEPARATOR=':'
PKG_CONFIG='/sw/bin/pkg-config'
PKG_CONFIG_LIBDIR=''
PKG_CONFIG_PATH=''
RANLIB='ranlib'
SED='/sw/bin/sed'
SET_MAKE=''
SHELL='/bin/sh'
STRIP='strip'
VERSION='5.4.2183'
XDR_LIB=''
ac_ct_AR='ar'
ac_ct_CC='gcc'
ac_ct_DUMPBIN=''
am__EXEEXT_FALSE=''
am__EXEEXT_TRUE='#'
am__fastdepCCAS_FALSE='#'
am__fastdepCCAS_TRUE=''
am__fastdepCC_FALSE='#'
am__fastdepCC_TRUE=''
am__include='include'
am__isrc=''
am__leading_dot='.'
am__nodep='_no'
am__quote=''
am__tar='$${TAR-tar} chof - "$$tardir"'
am__untar='$${TAR-tar} xf -'
bindir='${exec_prefix}/bin'
build='x86_64-apple-darwin12.5.0'
build_alias=''
build_cpu='x86_64'
build_os='darwin12.5.0'
build_vendor='apple'
datadir='${datarootdir}'
datarootdir='${prefix}/share'
docdir='${datarootdir}/doc/${PACKAGE_TARNAME}'
dvidir='${docdir}'
exec_prefix='${prefix}'
fftw_app=''
host='x86_64-apple-darwin12.5.0'
host_alias=''
host_cpu='x86_64'
host_os='darwin12.5.0'
host_vendor='apple'
htmldir='${docdir}'
includedir='${prefix}/include'
infodir='${datarootdir}/info'
install_sh='${SHELL} /Users/dfinlayson/src/mbsystem/install-sh'
libdir='${exec_prefix}/lib'
libexecdir='${exec_prefix}/libexec'
libfftw_CFLAGS='-I/sw/include  '
libfftw_CPPFLAGS=''
libfftw_LIBS='-L/sw/lib -lfftw3 -lm'
libgmt_CFLAGS=''
libgmt_CPPFLAGS=''
libgmt_LIBS='-lgmt -lgmtps -lpsl'
libgmtps_CFLAGS=''
libgmtps_LIBS=''
libnetcdf_CFLAGS='-I/sw/include  '
libnetcdf_CPPFLAGS=''
libnetcdf_LIBS='-L/sw/lib -lnetcdf'
libproj_CFLAGS=''
libproj_CPPFLAGS=''
libproj_LIBS='-lproj'
libpsl_CFLAGS=''
libpsl_LIBS=''
localedir='${datarootdir}/locale'
localstatedir='${prefix}/var'
mandir='${datarootdir}/man'
mbsystemdatadir='${datarootdir}/mbsystem'
mbsystemhtmldir='${datarootdir}/doc/${PACKAGE_TARNAME}/html'
mbsystempsdir='${datarootdir}/doc/${PACKAGE_TARNAME}/ps'
mkdir_p='$(MKDIR_P)'
motif_CPPFLAGS=''
motif_LIBS='-lXm -lXt -lX11'
oldincludedir='/usr/include'
pdfdir='${docdir}'
prefix='/Users/dfinlayson'
program_transform_name='s,x,x,'
psdir='${docdir}'
sbindir='${exec_prefix}/sbin'
sharedstatedir='${prefix}/com'
sysconfdir='${prefix}/etc'
target_alias=''

## ----------- ##
## confdefs.h. ##
## ----------- ##

/* confdefs.h */
#define PACKAGE_NAME "mbsystem"
#define PACKAGE_TARNAME "mbsystem"
#define PACKAGE_VERSION "5.4.2183"
#define PACKAGE_STRING "mbsystem 5.4.2183"
#define PACKAGE_BUGREPORT "http://listserver.mbari.org/sympa/arc/mbsystem"
#define PACKAGE_URL "http://www.mbari.org/data/mbsystem/"
#define VERSION_DATE "16 April 2014"
#define PACKAGE "mbsystem"
#define VERSION "5.4.2183"
#define STDC_HEADERS 1
#define HAVE_SYS_TYPES_H 1
#define HAVE_SYS_STAT_H 1
#define HAVE_STDLIB_H 1
#define HAVE_STRING_H 1
#define HAVE_MEMORY_H 1
#define HAVE_STRINGS_H 1
#define HAVE_INTTYPES_H 1
#define HAVE_STDINT_H 1
#define HAVE_UNISTD_H 1
#define HAVE_DLFCN_H 1
#define LT_OBJDIR ".libs/"
#define BYTESWAPPED 1
#define STDC_HEADERS 1
#define HAVE_LIBM 1
#define HAVE_RPC_RPC_H 1
#define HAVE_RPC_TYPES_H 1
#define WITH_GSF 1
#define GOT_MOTIF 1
#define HAVE_GL_GL_H 1
#define HAVE_GL_GLU_H 1
#define HAVE_GL_GLX_H 1
#define GOT_GL 1

configure: exit 0
